<?xml version="1.0" encoding="UTF-8"?>
<!-- Generated by org.testng.reporters.JUnitReportReporter -->
<testsuite hostname="NE-Samuel" failures="0" tests="1" name="com.swiggy.TestRunner" time="11.380" errors="0" timestamp="2021-12-11T23:28:11 CST" skipped="0">
  <testcase classname="com.swiggy.TestRunner" name="runScenario" time="11.380"/>
  <system-out/>
</testsuite> <!-- com.swiggy.TestRunner -->
